<?xml version="1.0" encoding="UTF-8"?>
<!-- Generated by org.testng.reporters.JUnitReportReporter -->
<testsuite skipped="0" hostname="LAPTOP-N84L60DU" name="org.Testing.TestScript.TC2" tests="1" failures="0" timestamp="2020-10-25T18:19:21 IST" time="10.207" errors="0">
  <testcase name="FBLanding" time="10.207" classname="org.Testing.TestScript.TC2"/>
  <system-out/>
</testsuite> <!-- org.Testing.TestScript.TC2 -->
